<?xml version="1.0" encoding="UTF-8"?>
<!-- Generated by org.testng.reporters.JUnitReportReporter -->
<testsuite hostname="WKWIN5761164" name="com.APIAutomation.PlanterSetting" tests="1" failures="0" timestamp="3 Oct 2018 11:39:49 GMT" time="2.491" errors="0">
  <testcase name="planterSettingWithPlanterMake" time="2.491" classname="com.APIAutomation.PlanterSetting"/>
</testsuite> <!-- com.APIAutomation.PlanterSetting -->
